# JRE version: OpenJDK Runtime Environment Temurin-17.0.2+8 (17.0.2+8) (build 17.0.2+8)
# Java VM: OpenJDK 64-Bit Server VM Temurin-17.0.2+8 (17.0.2+8, mixed mode, tiered, compressed oops, compressed class ptrs, g1 gc, windows-amd64)
GC Precious Log:
 CPUs: 4 total, 4 available
 Memory: 3831M
 Large Page Support: Disabled
 NUMA Support: Disabled
 Compressed Oops: Enabled (32-bit)
 Heap Region Size: 1M
 Heap Min Capacity: 8M
 Heap Initial Capacity: 60M
 Heap Max Capacity: 958M
 Pre-touch: Disabled
 Parallel Workers: 4
 Concurrent Workers: 1
 Concurrent Refinement Workers: 4
 Periodic GC: Disabled
Heap:
 garbage-first heap   total 34816K, used 21644K [0x00000000c4200000, 0x0000000100000000)
  region size 1024K, 8 young (8192K), 1 survivors (1024K)
 Metaspace       used 28727K, committed 28928K, reserved 1081344K
  class space    used 3289K, committed 3392K, reserved 1048576K
GC Heap History (10 events):
Event: 3.481 GC heap before
{Heap before GC invocations=0 (full 0):
 garbage-first heap   total 61440K, used 12288K [0x00000000c4200000, 0x0000000100000000)
  region size 1024K, 13 young (13312K), 0 survivors (0K)
 Metaspace       used 12065K, committed 12224K, reserved 1064960K
  class space    used 1137K, committed 1216K, reserved 1048576K
}
Event: 3.488 GC heap after
{Heap after GC invocations=1 (full 0):
 garbage-first heap   total 61440K, used 5828K [0x00000000c4200000, 0x0000000100000000)
  region size 1024K, 2 young (2048K), 2 survivors (2048K)
 Metaspace       used 12065K, committed 12224K, reserved 1064960K
  class space    used 1137K, committed 1216K, reserved 1048576K
}
Event: 5.607 GC heap before
{Heap before GC invocations=1 (full 0):
 garbage-first heap   total 61440K, used 16068K [0x00000000c4200000, 0x0000000100000000)
  region size 1024K, 12 young (12288K), 2 survivors (2048K)
 Metaspace       used 16200K, committed 16384K, reserved 1064960K
  class space    used 1672K, committed 1728K, reserved 1048576K
}
Event: 5.614 GC heap after
{Heap after GC invocations=2 (full 0):
 garbage-first heap   total 61440K, used 6474K [0x00000000c4200000, 0x0000000100000000)
  region size 1024K, 1 young (1024K), 1 survivors (1024K)
 Metaspace       used 16200K, committed 16384K, reserved 1064960K
  class space    used 1672K, committed 1728K, reserved 1048576K
}
Event: 6.498 GC heap before
{Heap before GC invocations=2 (full 0):
 garbage-first heap   total 61440K, used 21834K [0x00000000c4200000, 0x0000000100000000)
  region size 1024K, 17 young (17408K), 1 survivors (1024K)
 Metaspace       used 21325K, committed 21504K, reserved 1073152K
  class space    used 2292K, committed 2368K, reserved 1048576K
}
Event: 6.505 GC heap after
{Heap after GC invocations=3 (full 0):
 garbage-first heap   total 61440K, used 8464K [0x00000000c4200000, 0x0000000100000000)
  region size 1024K, 3 young (3072K), 3 survivors (3072K)
 Metaspace       used 21325K, committed 21504K, reserved 1073152K
  class space    used 2292K, committed 2368K, reserved 1048576K
}
Event: 12.410 GC heap before
{Heap before GC invocations=4 (full 0):
 garbage-first heap   total 34816K, used 24848K [0x00000000c4200000, 0x0000000100000000)
  region size 1024K, 20 young (20480K), 3 survivors (3072K)
 Metaspace       used 26734K, committed 27008K, reserved 1073152K
  class space    used 3013K, committed 3136K, reserved 1048576K
}
Event: 12.417 GC heap after
{Heap after GC invocations=5 (full 0):
 garbage-first heap   total 34816K, used 9921K [0x00000000c4200000, 0x0000000100000000)
  region size 1024K, 2 young (2048K), 2 survivors (2048K)
 Metaspace       used 26734K, committed 27008K, reserved 1073152K
  class space    used 3013K, committed 3136K, reserved 1048576K
}
Event: 12.463 GC heap before
{Heap before GC invocations=5 (full 0):
 garbage-first heap   total 34816K, used 10945K [0x00000000c4200000, 0x0000000100000000)
  region size 1024K, 3 young (3072K), 2 survivors (2048K)
 Metaspace       used 27032K, committed 27328K, reserved 1073152K
  class space    used 3052K, committed 3200K, reserved 1048576K
}
Event: 12.469 GC heap after
{Heap after GC invocations=6 (full 0):
 garbage-first heap   total 34816K, used 10380K [0x00000000c4200000, 0x0000000100000000)
  region size 1024K, 1 young (1024K), 1 survivors (1024K)
 Metaspace       used 27032K, committed 27328K, reserved 1073152K
  class space    used 3052K, committed 3200K, reserved 1048576K
}

