# JRE version: OpenJDK Runtime Environment Temurin-17.0.2+8 (17.0.2+8) (build 17.0.2+8)
# Java VM: OpenJDK 64-Bit Server VM Temurin-17.0.2+8 (17.0.2+8, mixed mode, tiered, compressed oops, compressed class ptrs, g1 gc, windows-amd64)
GC Precious Log:
 CPUs: 4 total, 4 available
 Memory: 3831M
 Large Page Support: Disabled
 NUMA Support: Disabled
 Compressed Oops: Enabled (32-bit)
 Heap Region Size: 1M
 Heap Min Capacity: 8M
 Heap Initial Capacity: 60M
 Heap Max Capacity: 958M
 Pre-touch: Disabled
 Parallel Workers: 4
 Concurrent Workers: 1
 Concurrent Refinement Workers: 4
 Periodic GC: Disabled
Heap:
 garbage-first heap   total 34816K, used 22592K [0x00000000c4200000, 0x0000000100000000)
  region size 1024K, 11 young (11264K), 2 survivors (2048K)
 Metaspace       used 29456K, committed 29696K, reserved 1081344K
  class space    used 3396K, committed 3520K, reserved 1048576K
GC Heap History (8 events):
Event: 4.570 GC heap before
{Heap before GC invocations=0 (full 0):
 garbage-first heap   total 61440K, used 12288K [0x00000000c4200000, 0x0000000100000000)
  region size 1024K, 13 young (13312K), 0 survivors (0K)
 Metaspace       used 12123K, committed 12288K, reserved 1064960K
  class space    used 1139K, committed 1216K, reserved 1048576K
}
Event: 4.619 GC heap after
{Heap after GC invocations=1 (full 0):
 garbage-first heap   total 61440K, used 5519K [0x00000000c4200000, 0x0000000100000000)
  region size 1024K, 2 young (2048K), 2 survivors (2048K)
 Metaspace       used 12123K, committed 12288K, reserved 1064960K
  class space    used 1139K, committed 1216K, reserved 1048576K
}
Event: 5.985 GC heap before
{Heap before GC invocations=1 (full 0):
 garbage-first heap   total 61440K, used 14735K [0x00000000c4200000, 0x0000000100000000)
  region size 1024K, 11 young (11264K), 2 survivors (2048K)
 Metaspace       used 15954K, committed 16192K, reserved 1064960K
  class space    used 1634K, committed 1728K, reserved 1048576K
}
Event: 5.991 GC heap after
{Heap after GC invocations=2 (full 0):
 garbage-first heap   total 61440K, used 6532K [0x00000000c4200000, 0x0000000100000000)
  region size 1024K, 1 young (1024K), 1 survivors (1024K)
 Metaspace       used 15954K, committed 16192K, reserved 1064960K
  class space    used 1634K, committed 1728K, reserved 1048576K
}
Event: 8.344 GC heap before
{Heap before GC invocations=2 (full 0):
 garbage-first heap   total 61440K, used 23940K [0x00000000c4200000, 0x0000000100000000)
  region size 1024K, 19 young (19456K), 1 survivors (1024K)
 Metaspace       used 21309K, committed 21504K, reserved 1073152K
  class space    used 2280K, committed 2368K, reserved 1048576K
}
Event: 8.349 GC heap after
{Heap after GC invocations=3 (full 0):
 garbage-first heap   total 61440K, used 9024K [0x00000000c4200000, 0x0000000100000000)
  region size 1024K, 3 young (3072K), 3 survivors (3072K)
 Metaspace       used 21309K, committed 21504K, reserved 1073152K
  class space    used 2280K, committed 2368K, reserved 1048576K
}
Event: 12.842 GC heap before
{Heap before GC invocations=4 (full 0):
 garbage-first heap   total 34816K, used 24384K [0x00000000c4200000, 0x0000000100000000)
  region size 1024K, 19 young (19456K), 3 survivors (3072K)
 Metaspace       used 26967K, committed 27200K, reserved 1073152K
  class space    used 3041K, committed 3136K, reserved 1048576K
}
Event: 12.853 GC heap after
{Heap after GC invocations=5 (full 0):
 garbage-first heap   total 34816K, used 10304K [0x00000000c4200000, 0x0000000100000000)
  region size 1024K, 2 young (2048K), 2 survivors (2048K)
 Metaspace       used 26967K, committed 27200K, reserved 1073152K
  class space    used 3041K, committed 3136K, reserved 1048576K
}

