<?xml version="1.0" encoding="UTF-8"?>
<!-- Generated by org.testng.reporters.JUnitXMLReporter -->
<testsuite ignored="3" hostname="VAIO" failures="0" tests="1" name="Default test" time="9.543" errors="0" timestamp="2022-06-21T01:42:25 IST">
  <testcase classname="Test.ZerodhaLoginPageTest" name="loginWithValidCredentialsTest" time="1.303"/>
  <testcase classname="Test.ZerodhaLoginPageTest" name="clickonSignupTest" time="0.0">
    <ignored/>
  </testcase> <!-- clickonSignupTest -->
  <testcase classname="Test.ZerodhaLoginPageTest" name="clickonForgetPasswordTest" time="0.0">
    <ignored/>
  </testcase> <!-- clickonForgetPasswordTest -->
  <testcase classname="Test.ZerodhaLoginPageTest" name="loginWithPinTest" time="0.0">
    <ignored/>
  </testcase> <!-- loginWithPinTest -->
</testsuite> <!-- Default test -->
