<?xml version="1.0" encoding="UTF-8"?>
<testng-results ignored="3" total="4" passed="1" failed="0" skipped="0">
  <reporter-output>
  </reporter-output>
  <suite started-at="2022-06-21T01:42:15 IST" name="Default suite" finished-at="2022-06-21T01:42:25 IST" duration-ms="9543">
    <groups>
    </groups>
    <test started-at="2022-06-21T01:42:15 IST" name="Default test" finished-at="2022-06-21T01:42:25 IST" duration-ms="9543">
      <class name="Test.ZerodhaLoginPageTest">
        <test-method is-config="true" signature="browser()[pri:0, instance:Test.ZerodhaLoginPageTest@35aea049]" started-at="2022-06-21T01:42:16 IST" name="browser" finished-at="2022-06-21T01:42:24 IST" duration-ms="8192" status="PASS">
          <reporter-output>
          </reporter-output>
        </test-method> <!-- browser -->
        <test-method signature="loginWithValidCredentialsTest()[pri:0, instance:Test.ZerodhaLoginPageTest@35aea049]" started-at="2022-06-21T01:42:24 IST" name="loginWithValidCredentialsTest" finished-at="2022-06-21T01:42:25 IST" duration-ms="1303" status="PASS">
          <reporter-output>
          </reporter-output>
        </test-method> <!-- loginWithValidCredentialsTest -->
      </class> <!-- Test.ZerodhaLoginPageTest -->
    </test> <!-- Default test -->
  </suite> <!-- Default suite -->
</testng-results>
